Sat May 17 12:38:22 EDT 2025: Starting run_report.sh daily
Navigating to EZDERM login page...
Locating username field...
Locating password field...
Entering credentials...
Clicking login button...
Checking for dashboard URL...
Login successful! Landed on dashboard:  https://pms.ezderm.com/dashboard
Navigating to Custom Reports page...
Locating Daily Signed Off Appointments report...
Generating CSV...
Waiting for CSV download...
CSV downloaded: /Users/giovan/Desktop/PROJECTS/ezderm-reporter/downloads/Appointments-05_17_2025.csv
Processing CSV...
Sending email...
Email sent successfully!
Deleting CSV file...
CSV file deleted.
Closing browser...
Sat May 17 12:38:36 EDT 2025: Finished run_report.sh daily
Sat May 17 12:45:01 EDT 2025: Starting run_report.sh daily
Traceback (most recent call last):
  File "/Users/giovan/Desktop/PROJECTS/ezderm-reporter/env/lib/python3.12/site-packages/selenium/webdriver/common/driver_finder.py", line 64, in _binary_paths
    raise ValueError(f"The path is not a valid file: {path}")
ValueError: The path is not a valid file: ./chromedriver

The above exception was the direct cause of the following exception:

Traceback (most recent call last):
  File "/Users/giovan/Desktop/PROJECTS/ezderm-reporter/main.py", line 98, in <module>
    driver = webdriver.Chrome(service=service, options=chrome_options)
             ^^^^^^^^^^^^^^^^^^^^^^^^^^^^^^^^^^^^^^^^^^^^^^^^^^^^^^^^^
  File "/Users/giovan/Desktop/PROJECTS/ezderm-reporter/env/lib/python3.12/site-packages/selenium/webdriver/chrome/webdriver.py", line 45, in __init__
    super().__init__(
  File "/Users/giovan/Desktop/PROJECTS/ezderm-reporter/env/lib/python3.12/site-packages/selenium/webdriver/chromium/webdriver.py", line 51, in __init__
    if finder.get_browser_path():
       ^^^^^^^^^^^^^^^^^^^^^^^^^
  File "/Users/giovan/Desktop/PROJECTS/ezderm-reporter/env/lib/python3.12/site-packages/selenium/webdriver/common/driver_finder.py", line 47, in get_browser_path
    return self._binary_paths()["browser_path"]
           ^^^^^^^^^^^^^^^^^^^^
  File "/Users/giovan/Desktop/PROJECTS/ezderm-reporter/env/lib/python3.12/site-packages/selenium/webdriver/common/driver_finder.py", line 78, in _binary_paths
    raise NoSuchDriverException(msg) from err
selenium.common.exceptions.NoSuchDriverException: Message: Unable to obtain driver for chrome; For documentation on this error, please visit: https://www.selenium.dev/documentation/webdriver/troubleshooting/errors/driver_location

Sat May 17 12:45:01 EDT 2025: Finished run_report.sh daily
Sat May 17 12:48:06 EDT 2025: Starting run_report.sh daily
Navigating to EZDERM login page...
Locating username field...
Locating password field...
Entering credentials...
Clicking login button...
Checking for dashboard URL...
Login successful! Landed on dashboard:  https://pms.ezderm.com/dashboard
Navigating to Custom Reports page...
Locating Daily Signed Off Appointments report...
Generating CSV...
Waiting for CSV download...
CSV downloaded: /Users/giovan/Desktop/PROJECTS/ezderm-reporter/downloads/Appointments-05_17_2025.csv
Processing CSV...
Sending email...
Email sent successfully!
Deleting CSV file...
CSV file deleted.
Closing browser...
Sat May 17 12:48:22 EDT 2025: Finished run_report.sh daily
Sat May 17 12:50:00 EDT 2025: Starting run_report.sh daily
Navigating to EZDERM login page...
Locating username field...
Locating password field...
Entering credentials...
Clicking login button...
Checking for dashboard URL...
Login successful! Landed on dashboard:  https://pms.ezderm.com/dashboard
Navigating to Custom Reports page...
Locating Daily Signed Off Appointments report...
Generating CSV...
Waiting for CSV download...
CSV downloaded: /Users/giovan/downloads/Dallas Build exp 1 - Dallas Build exp 1.csv
Processing CSV...
Sending email...
Email sent successfully!
Deleting CSV file...
CSV file deleted.
Closing browser...
Sat May 17 12:50:13 EDT 2025: Finished run_report.sh daily
Sat May 17 13:42:02 EDT 2025: Starting run_report.sh daily
Navigating to EZDERM login page...
Locating username field...
Locating password field...
Entering credentials...
Clicking login button...
Checking for dashboard URL...
Login successful! Landed on dashboard:  https://pms.ezderm.com/dashboard
Navigating to Custom Reports page...
Locating Daily Signed Off Appointments report...
Generating CSV...
Waiting for CSV download...
CSV downloaded: /Users/giovan/Desktop/PROJECTS/ezderm-reporter/downloads/Appointments-05_17_2025.csv
Processing CSV...
Sending email...
Email sent successfully!
Deleting CSV file...
CSV file deleted.
Closing browser...
Sat May 17 13:42:15 EDT 2025: Finished run_report.sh daily
Mon May 19 19:00:00 EDT 2025: Starting run_report.sh daily
Traceback (most recent call last):
  File "/Users/giovan/Desktop/PROJECTS/ezderm-reporter/main.py", line 13, in <module>
    import boto3
ModuleNotFoundError: No module named 'boto3'
Mon May 19 19:00:02 EDT 2025: Finished run_report.sh daily
